{"ts": "2025-11-29T23:26:37.883593Z", "module": "scanner", "target": "https://local-demo.paybuddy.test", "ports": [22, 80, 443]}
{"ts": "2025-11-29T23:26:48.135004Z", "module": "auth_test", "action": "check_password_strength", "result": {"password": "23232", "score": 1, "strength": "Weak", "issues": ["Password is less than 8 characters", "Missing uppercase letter", "Missing lowercase letter", "Missing special character"]}}
{"ts": "2025-11-29T23:26:59.404322Z", "module": "stress", "action": "run", "summary": {"url": "https://local-demo.paybuddy.test", "clients": 1, "duration": 1, "ok": 0, "fail": 83, "total": 83}}
{"ts": "2025-11-29T23:27:18.112476Z", "module": "footprint", "action": "paths", "base": "https://local-demo.paybuddy.test", "out": "evidence\\footprint_paths_22I-2281_Muneeb.json"}
{"ts": "2025-11-29T23:27:25.065979Z", "module": "pcap", "action": "capture", "out": "evidence\\capture_22I-2281_Muneeb.pcap", "summary_path": "evidence\\pcap_summary_22I-2281_Muneeb.json"}
{"ts": "2025-11-29T23:27:28.771566Z", "module": "reporting", "action": "docx_generated", "out": "evidence\\report_Shadow.docx"}
{"ts": "2025-11-29T23:27:34.709860Z", "module": "reporting", "action": "generate_manifest", "out": "evidence\\report_manifest_22I-2281_Muneeb.json"}
{"ts": "2025-11-29T23:28:44.767353Z", "module": "reporting", "action": "generate_manifest", "out": "evidence\\report_manifest_22I-2281_Muneeb.json"}
{"ts": "2025-11-29T23:28:47.263825Z", "module": "reporting", "action": "docx_generated", "out": "evidence\\report_Shadow.docx"}
{"ts": "2025-11-29T23:29:25.771364Z", "module": "scanner", "target": "https://local-demo.paybuddy.test", "ports": [22, 80, 443]}
{"ts": "2025-11-29T23:29:46.126060Z", "module": "auth_test", "action": "check_password_strength", "result": {"password": "65656", "score": 1, "strength": "Weak", "issues": ["Password is less than 8 characters", "Missing uppercase letter", "Missing lowercase letter", "Missing special character"]}}
{"ts": "2025-11-29T23:30:09.599794Z", "module": "stress", "action": "run", "summary": {"url": "https://local-demo.paybuddy.test", "clients": 1, "duration": 1, "ok": 0, "fail": 42, "total": 42}}
{"ts": "2025-11-29T23:30:10.121190Z", "module": "stress", "action": "run", "summary": {"url": "https://local-demo.paybuddy.test", "clients": 20, "duration": 5, "ok": 0, "fail": 4380, "total": 4380}}
{"ts": "2025-11-29T23:30:12.653075Z", "module": "footprint", "action": "paths", "base": "https://local-demo.paybuddy.test", "out": "evidence\\footprint_paths_22I-2281_Muneeb.json"}
{"ts": "2025-11-29T23:30:19.431275Z", "module": "pcap", "action": "capture", "out": "evidence\\capture_22I-2281_Muneeb.pcap", "summary_path": "evidence\\pcap_summary_22I-2281_Muneeb.json"}
{"ts": "2025-11-29T23:30:22.722332Z", "module": "reporting", "action": "generate_manifest", "out": "evidence\\report_manifest_22I-2281_Muneeb.json"}
{"ts": "2025-11-29T23:30:24.609663Z", "module": "reporting", "action": "docx_generated", "out": "evidence\\report_Shadow.docx"}
{"ts": "2025-11-30T14:28:33.984656Z", "module": "reporting", "action": "docx_generated", "out": "evidence\\report_Shadow.docx"}
{"ts": "2025-11-30T16:28:03.072700Z", "module": "scanner", "target": "https://local-demo.paybuddy.test", "ports": [22, 80, 443]}
{"ts": "2025-11-30T16:59:27.189901Z", "module": "scanner", "target": "https://local-demo.paybuddy.test", "ports": [22, 80, 443]}
{"ts": "2025-11-30T16:59:39.860931Z", "module": "auth_test", "action": "check_password_strength", "result": {"password": "dsdsdsds", "score": 2, "strength": "Medium", "issues": ["Missing uppercase letter", "Missing number", "Missing special character"]}}
{"ts": "2025-11-30T17:00:09.319723Z", "module": "stress", "action": "run", "summary": {"url": "https://local-demo.paybuddy.test", "clients": 2, "duration": 5, "ok": 0, "fail": 862, "total": 862}}
{"ts": "2025-11-30T17:00:19.436640Z", "module": "footprint", "action": "paths", "base": "https://local-demo.paybuddy.test", "out": "evidence\\footprint_paths_22I-2281_Muneeb.json"}
{"ts": "2025-11-30T17:00:26.053143Z", "module": "footprint", "action": "subs", "domain": "https://local-demo.paybuddy.test", "out": "evidence\\footprint_subs_22I-2281_Muneeb.json"}
{"ts": "2025-11-30T17:00:40.337506Z", "module": "pcap", "action": "capture", "out": "evidence\\capture_22I-2281_Muneeb.pcap", "summary_path": "evidence\\pcap_summary_22I-2281_Muneeb.json"}
{"ts": "2025-11-30T17:00:54.127912Z", "module": "reporting", "action": "generate_manifest", "out": "evidence\\report_manifest_22I-2281_Muneeb.json"}
{"ts": "2025-11-30T17:00:58.237560Z", "module": "reporting", "action": "docx_generated", "out": "evidence\\report_Shadow.docx"}
